<?xml version="1.0" encoding="UTF-8"?>
<!-- Generated by org.testng.reporters.JUnitXMLReporter -->
<testsuite hostname="M270967DZG3QD" ignored="0" name="Default test" tests="3" failures="0" timestamp="14 Aug 2018 20:46:02 GMT" time="14.635" errors="0">
  <testcase name="verifyGetLIST_USERS" time="9.875" classname="com.projectName.testscripts.TC_001"/>
  <testcase name="verifyGetLIST_USERS_PAGE_NUMBERS" time="2.51" classname="com.projectName.testscripts.TC_001"/>
  <testcase name="verifyGetSINGLE_USER" time="2.23" classname="com.projectName.testscripts.TC_001"/>
</testsuite> <!-- Default test -->
