<?xml version="1.0" encoding="UTF-8"?>
<testng-results skipped="0" failed="0" ignored="0" total="3" passed="3">
  <reporter-output>
  </reporter-output>
  <suite name="Default suite" duration-ms="14635" started-at="2018-08-14T20:45:17Z" finished-at="2018-08-14T20:45:32Z">
    <groups>
    </groups>
    <test name="Default test" duration-ms="14635" started-at="2018-08-14T20:45:17Z" finished-at="2018-08-14T20:45:32Z">
      <class name="com.projectName.testscripts.TC_001">
        <test-method status="PASS" signature="verifyGetLIST_USERS()[pri:0, instance:com.projectName.testscripts.TC_001@20d28811]" name="verifyGetLIST_USERS" duration-ms="9875" started-at="2018-08-15T02:15:17Z" finished-at="2018-08-15T02:15:27Z">
          <reporter-output>
          </reporter-output>
        </test-method> <!-- verifyGetLIST_USERS -->
        <test-method status="PASS" signature="verifyGetLIST_USERS_PAGE_NUMBERS()[pri:0, instance:com.projectName.testscripts.TC_001@20d28811]" name="verifyGetLIST_USERS_PAGE_NUMBERS" duration-ms="2510" started-at="2018-08-15T02:15:27Z" finished-at="2018-08-15T02:15:29Z">
          <reporter-output>
          </reporter-output>
        </test-method> <!-- verifyGetLIST_USERS_PAGE_NUMBERS -->
        <test-method status="PASS" signature="verifyGetSINGLE_USER()[pri:0, instance:com.projectName.testscripts.TC_001@20d28811]" name="verifyGetSINGLE_USER" duration-ms="2230" started-at="2018-08-15T02:15:29Z" finished-at="2018-08-15T02:15:32Z">
          <reporter-output>
          </reporter-output>
        </test-method> <!-- verifyGetSINGLE_USER -->
      </class> <!-- com.projectName.testscripts.TC_001 -->
    </test> <!-- Default test -->
  </suite> <!-- Default suite -->
</testng-results>
